<?xml version="1.0" encoding="UTF-8"?>
<testng-results ignored="0" total="1" passed="1" failed="0" skipped="0">
  <reporter-output>
  </reporter-output>
  <suite started-at="2023-02-16T22:33:10 IST" name="MySuite" finished-at="2023-02-16T22:33:15 IST" duration-ms="5006">
    <groups>
      <group name="Master">
        <method signature="TC_002_LoginTest.test_Login()[pri:0, instance:testCases.TC_002_LoginTest@1e1a0406]" name="test_Login" class="testCases.TC_002_LoginTest"/>
      </group> <!-- Master -->
      <group name="Sanity">
        <method signature="TC_002_LoginTest.test_Login()[pri:0, instance:testCases.TC_002_LoginTest@1e1a0406]" name="test_Login" class="testCases.TC_002_LoginTest"/>
      </group> <!-- Sanity -->
    </groups>
    <test started-at="2023-02-16T22:33:10 IST" name="MyTest" finished-at="2023-02-16T22:33:15 IST" duration-ms="5006">
      <class name="testCases.TC_002_LoginTest">
        <test-method is-config="true" signature="setup(java.lang.String)[pri:0, instance:testCases.TC_002_LoginTest@1e1a0406]" started-at="2023-02-16T22:33:10 IST" name="setup" finished-at="2023-02-16T22:33:14 IST" duration-ms="3753" status="PASS">
          <params>
            <param index="0">
              <value>
                <![CDATA[chrome]]>
              </value>
            </param>
          </params>
          <reporter-output>
          </reporter-output>
        </test-method> <!-- setup -->
        <test-method signature="test_Login()[pri:0, instance:testCases.TC_002_LoginTest@1e1a0406]" started-at="2023-02-16T22:33:14 IST" name="test_Login" finished-at="2023-02-16T22:33:15 IST" duration-ms="1028" status="PASS">
          <reporter-output>
          </reporter-output>
        </test-method> <!-- test_Login -->
        <test-method is-config="true" signature="teadDown()[pri:0, instance:testCases.TC_002_LoginTest@1e1a0406]" started-at="2023-02-16T22:33:15 IST" name="teadDown" finished-at="2023-02-16T22:33:15 IST" duration-ms="196" status="PASS">
          <reporter-output>
          </reporter-output>
        </test-method> <!-- teadDown -->
      </class> <!-- testCases.TC_002_LoginTest -->
    </test> <!-- MyTest -->
  </suite> <!-- MySuite -->
</testng-results>
